[GIN-debug] [WARNING] Running in "debug" mode. Switch to "release" mode in production.
 - using env:	export GIN_MODE=release
 - using code:	gin.SetMode(gin.ReleaseMode)

[GIN-debug] GET    /css/*filepath            --> github.com/gin-gonic/gin.(*RouterGroup).createStaticHandler.func1 (1 handlers)
[GIN-debug] HEAD   /css/*filepath            --> github.com/gin-gonic/gin.(*RouterGroup).createStaticHandler.func1 (1 handlers)
[GIN-debug] Loaded HTML Templates (8): 
	- all_events.html
	- footer.html
	- header.html
	- index.html
	- score.html
	- signin_home.html
	- 
	- addEvent.html

[GIN-debug] GET    /api/v1/events/           --> main.getEvents (3 handlers)
[GIN-debug] POST   /api/v1/events/           --> main.createEvent (3 handlers)
[GIN-debug] GET    /api/v1/events/:eventId   --> main.eventById (3 handlers)
[GIN-debug] GET    /api/v1/events/:eventId/results --> main.allResultsByEventId (3 handlers)
[GIN-debug] GET    /api/v1/events/:eventId/results/:resultId --> main.resultByResultId (3 handlers)
[GIN-debug] GET    /api/v1/events/:eventId/results/athlete/:athleteId --> main.resultsByAthleteId (3 handlers)
[GIN-debug] GET    /test                     --> main.main.func1 (3 handlers)
[GIN-debug] POST   /test                     --> main.main.func2 (3 handlers)
[GIN-debug] GET    /pages/events             --> github.com/ParadiseOliver/ScoringSystem/controllers.EventController.AllEvents-fm (3 handlers)
[GIN-debug] [WARNING] You trusted all proxies, this is NOT safe. We recommend you to set a value.
Please check https://pkg.go.dev/github.com/gin-gonic/gin#readme-don-t-trust-all-proxies for details.
[GIN-debug] Listening and serving HTTP on :8080
[GIN] 2023/01/24 - 23:14:06 | 200 |     19.3506ms |             ::1 | GET      "/test"
